\BOOKMARK [1][-]{section.1}{\376\377\000E\000x\000e\000c\000u\000t\000i\000v\000e\000\040\000S\000u\000m\000m\000a\000r\000y}{}% 1
\BOOKMARK [2][-]{subsection.1.1}{\376\377\000K\000e\000y\000\040\000F\000i\000n\000d\000i\000n\000g\000s}{section.1}% 2
\BOOKMARK [2][-]{subsection.1.2}{\376\377\000S\000u\000p\000e\000r\000v\000i\000s\000o\000r\000\040\000R\000e\000q\000u\000i\000r\000e\000m\000e\000n\000t\000s\000\040\000C\000o\000v\000e\000r\000a\000g\000e}{section.1}% 3
\BOOKMARK [1][-]{section.2}{\376\377\000D\000a\000t\000a\000s\000e\000t\000\040\000O\000v\000e\000r\000v\000i\000e\000w}{}% 4
\BOOKMARK [2][-]{subsection.2.1}{\376\377\000T\000o\000t\000a\000l\000\040\000S\000t\000u\000d\000e\000n\000t\000s\000\040\000a\000n\000d\000\040\000F\000e\000a\000t\000u\000r\000e\000s}{section.2}% 5
\BOOKMARK [2][-]{subsection.2.2}{\376\377\000F\000e\000a\000t\000u\000r\000e\000\040\000C\000a\000t\000e\000g\000o\000r\000i\000e\000s}{section.2}% 6
\BOOKMARK [1][-]{section.3}{\376\377\000F\000e\000a\000t\000u\000r\000e\000\040\000L\000i\000s\000t\000s}{}% 7
\BOOKMARK [2][-]{subsection.3.1}{\376\377\000A\000c\000a\000d\000e\000m\000i\000c\000\040\000F\000e\000a\000t\000u\000r\000e\000s\000\040\000\050\0001\0008\000\040\000f\000e\000a\000t\000u\000r\000e\000s\000\051}{section.3}% 8
\BOOKMARK [2][-]{subsection.3.2}{\376\377\000F\000i\000n\000a\000n\000c\000i\000a\000l\000\040\000F\000e\000a\000t\000u\000r\000e\000s\000\040\000\050\0001\0002\000\040\000f\000e\000a\000t\000u\000r\000e\000s\000\051}{section.3}% 9
\BOOKMARK [2][-]{subsection.3.3}{\376\377\000D\000e\000m\000o\000g\000r\000a\000p\000h\000i\000c\000\040\000F\000e\000a\000t\000u\000r\000e\000s\000\040\000\050\0001\0006\000\040\000f\000e\000a\000t\000u\000r\000e\000s\000\051}{section.3}% 10
\BOOKMARK [1][-]{section.4}{\376\377\000F\000e\000a\000t\000u\000r\000e\000\040\000R\000a\000n\000k\000i\000n\000g}{}% 11
\BOOKMARK [1][-]{section.5}{\376\377\000D\000r\000o\000p\000o\000u\000t\000\040\000F\000e\000a\000t\000u\000r\000e\000\040\000I\000m\000p\000o\000r\000t\000a\000n\000c\000e}{}% 12
\BOOKMARK [1][-]{section.6}{\376\377\000F\000e\000a\000t\000u\000r\000e\000\040\000S\000e\000l\000e\000c\000t\000i\000o\000n\000\040\000O\000p\000t\000i\000m\000i\000z\000a\000t\000i\000o\000n}{}% 13
\BOOKMARK [2][-]{subsection.6.1}{\376\377\000S\000i\000n\000g\000l\000e\000\040\000C\000l\000a\000s\000s\000i\000f\000i\000e\000r\000s\000:\000\040\000D\000e\000c\000i\000s\000i\000o\000n\000\040\000T\000r\000e\000e\000\040\000\046\000\040\000N\000a\000i\000v\000e\000\040\000B\000a\000y\000e\000s}{section.6}% 14
\BOOKMARK [2][-]{subsection.6.2}{\376\377\000E\000n\000s\000e\000m\000b\000l\000e\000\040\000M\000e\000t\000h\000o\000d\000s\000:\000\040\000R\000a\000n\000d\000o\000m\000\040\000F\000o\000r\000e\000s\000t\000,\000\040\000A\000d\000a\000B\000o\000o\000s\000t\000,\000\040\000X\000G\000B\000o\000o\000s\000t}{section.6}% 15
\BOOKMARK [2][-]{subsection.6.3}{\376\377\000D\000e\000e\000p\000\040\000L\000e\000a\000r\000n\000i\000n\000g\000:\000\040\000N\000e\000u\000r\000a\000l\000\040\000N\000e\000t\000w\000o\000r\000k}{section.6}% 16
\BOOKMARK [2][-]{subsection.6.4}{\376\377\000D\000e\000e\000p\000\040\000L\000e\000a\000r\000n\000i\000n\000g\000\040\000w\000i\000t\000h\000\040\000A\000t\000t\000e\000n\000t\000i\000o\000n\000\040\000M\000e\000c\000h\000a\000n\000i\000s\000m}{section.6}% 17
\BOOKMARK [3][-]{subsubsection.6.4.1}{\376\377\0003\000-\000C\000l\000a\000s\000s\000\040\000C\000l\000a\000s\000s\000i\000f\000i\000c\000a\000t\000i\000o\000n\000\040\000\050\000D\000r\000o\000p\000o\000u\000t\000/\000E\000n\000r\000o\000l\000l\000e\000d\000/\000G\000r\000a\000d\000u\000a\000t\000e\000\051}{subsection.6.4}% 18
\BOOKMARK [3][-]{subsubsection.6.4.2}{\376\377\000B\000i\000n\000a\000r\000y\000\040\000C\000l\000a\000s\000s\000i\000f\000i\000c\000a\000t\000i\000o\000n\000\040\000\050\000D\000r\000o\000p\000o\000u\000t\000\040\000v\000s\000\040\000N\000o\000t\000\040\000D\000r\000o\000p\000o\000u\000t\000\051}{subsection.6.4}% 19
\BOOKMARK [1][-]{section.7}{\376\377\000E\000x\000p\000l\000a\000i\000n\000a\000b\000l\000e\000\040\000A\000I\000\040\000-\000\040\000S\000H\000A\000P\000\040\000A\000n\000a\000l\000y\000s\000i\000s}{}% 20
\BOOKMARK [2][-]{subsection.7.1}{\376\377\000D\000e\000c\000i\000s\000i\000o\000n\000\040\000T\000r\000e\000e\000\040\000S\000H\000A\000P}{section.7}% 21
\BOOKMARK [2][-]{subsection.7.2}{\376\377\000N\000a\000i\000v\000e\000\040\000B\000a\000y\000e\000s\000\040\000S\000H\000A\000P}{section.7}% 22
\BOOKMARK [2][-]{subsection.7.3}{\376\377\000R\000a\000n\000d\000o\000m\000\040\000F\000o\000r\000e\000s\000t\000\040\000S\000H\000A\000P}{section.7}% 23
\BOOKMARK [2][-]{subsection.7.4}{\376\377\000A\000d\000a\000B\000o\000o\000s\000t\000\040\000S\000H\000A\000P}{section.7}% 24
\BOOKMARK [2][-]{subsection.7.5}{\376\377\000X\000G\000B\000o\000o\000s\000t\000\040\000S\000H\000A\000P}{section.7}% 25
\BOOKMARK [2][-]{subsection.7.6}{\376\377\000N\000e\000u\000r\000a\000l\000\040\000N\000e\000t\000w\000o\000r\000k\000\040\000S\000H\000A\000P}{section.7}% 26
\BOOKMARK [2][-]{subsection.7.7}{\376\377\000C\000o\000m\000p\000a\000r\000a\000t\000i\000v\000e\000\040\000S\000H\000A\000P\000\040\000A\000n\000a\000l\000y\000s\000i\000s}{section.7}% 27
\BOOKMARK [1][-]{section.8}{\376\377\000C\000o\000m\000p\000r\000e\000h\000e\000n\000s\000i\000v\000e\000\040\000M\000o\000d\000e\000l\000\040\000E\000v\000a\000l\000u\000a\000t\000i\000o\000n}{}% 28
\BOOKMARK [2][-]{subsection.8.1}{\376\377\0001\0001\000.\0001\000\040\000A\000c\000c\000u\000r\000a\000c\000y\000,\000\040\000P\000r\000e\000c\000i\000s\000i\000o\000n\000,\000\040\000R\000e\000c\000a\000l\000l\000,\000\040\000F\0001\000-\000S\000c\000o\000r\000e}{section.8}% 29
\BOOKMARK [2][-]{subsection.8.2}{\376\377\0001\0001\000.\0002\000\040\000C\000o\000n\000f\000u\000s\000i\000o\000n\000\040\000M\000a\000t\000r\000i\000c\000e\000s}{section.8}% 30
\BOOKMARK [2][-]{subsection.8.3}{\376\377\0001\0001\000.\0003\000\040\000R\000O\000C\000\040\000C\000u\000r\000v\000e\000s\000\040\000a\000n\000d\000\040\000A\000U\000C\000\040\000S\000c\000o\000r\000e\000s}{section.8}% 31
\BOOKMARK [2][-]{subsection.8.4}{\376\377\0001\0001\000.\0004\000\040\0001\0000\000-\000F\000o\000l\000d\000\040\000C\000r\000o\000s\000s\000-\000V\000a\000l\000i\000d\000a\000t\000i\000o\000n}{section.8}% 32
\BOOKMARK [2][-]{subsection.8.5}{\376\377\000S\000u\000m\000m\000a\000r\000y\000\040\000E\000v\000a\000l\000u\000a\000t\000i\000o\000n\000\040\000T\000a\000b\000l\000e}{section.8}% 33
\BOOKMARK [1][-]{section.9}{\376\377\000C\000o\000n\000c\000l\000u\000s\000i\000o\000n\000s\000\040\000a\000n\000d\000\040\000R\000e\000c\000o\000m\000m\000e\000n\000d\000a\000t\000i\000o\000n\000s}{}% 34
\BOOKMARK [2][-]{subsection.9.1}{\376\377\000O\000v\000e\000r\000a\000l\000l\000\040\000B\000e\000s\000t\000\040\000M\000o\000d\000e\000l\000s}{section.9}% 35
\BOOKMARK [2][-]{subsection.9.2}{\376\377\000K\000e\000y\000\040\000A\000c\000a\000d\000e\000m\000i\000c\000\040\000I\000n\000s\000i\000g\000h\000t\000s}{section.9}% 36
\BOOKMARK [2][-]{subsection.9.3}{\376\377\000R\000e\000c\000o\000m\000m\000e\000n\000d\000a\000t\000i\000o\000n\000s\000\040\000f\000o\000r\000\040\000D\000e\000p\000l\000o\000y\000m\000e\000n\000t}{section.9}% 37
\BOOKMARK [1][-]{appendix.A}{\376\377\000T\000e\000c\000h\000n\000i\000c\000a\000l\000\040\000D\000e\000t\000a\000i\000l\000s}{}% 38
\BOOKMARK [2][-]{subsection.A.1}{\376\377\000C\000o\000m\000p\000u\000t\000a\000t\000i\000o\000n\000a\000l\000\040\000E\000n\000v\000i\000r\000o\000n\000m\000e\000n\000t}{appendix.A}% 39
\BOOKMARK [2][-]{subsection.A.2}{\376\377\000D\000a\000t\000a\000\040\000P\000r\000e\000p\000r\000o\000c\000e\000s\000s\000i\000n\000g}{appendix.A}% 40
\BOOKMARK [2][-]{subsection.A.3}{\376\377\000O\000p\000t\000i\000m\000a\000l\000\040\000M\000o\000d\000e\000l\000\040\000C\000o\000n\000f\000i\000g\000u\000r\000a\000t\000i\000o\000n\000s}{appendix.A}% 41
\BOOKMARK [1][-]{appendix.B}{\376\377\000G\000e\000n\000e\000r\000a\000t\000e\000d\000\040\000O\000u\000t\000p\000u\000t\000s\000\040\000S\000u\000m\000m\000a\000r\000y}{}% 42
\BOOKMARK [2][-]{subsection.B.1}{\376\377\000V\000i\000s\000u\000a\000l\000i\000z\000a\000t\000i\000o\000n\000s\000\040\000G\000e\000n\000e\000r\000a\000t\000e\000d}{appendix.B}% 43
