\BOOKMARK [1][-]{section.1}{\376\377\000I\000n\000t\000r\000o\000d\000u\000c\000t\000i\000o\000n}{}% 1
\BOOKMARK [2][-]{subsection.1.1}{\376\377\000R\000e\000s\000e\000a\000r\000c\000h\000\040\000C\000o\000n\000t\000r\000i\000b\000u\000t\000i\000o\000n\000s}{section.1}% 2
\BOOKMARK [2][-]{subsection.1.2}{\376\377\000T\000h\000e\000o\000r\000e\000t\000i\000c\000a\000l\000\040\000F\000r\000a\000m\000e\000w\000o\000r\000k}{section.1}% 3
\BOOKMARK [1][-]{section.2}{\376\377\000L\000i\000t\000e\000r\000a\000t\000u\000r\000e\000\040\000R\000e\000v\000i\000e\000w}{}% 4
\BOOKMARK [2][-]{subsection.2.1}{\376\377\000E\000d\000u\000c\000a\000t\000i\000o\000n\000a\000l\000\040\000D\000a\000t\000a\000\040\000M\000i\000n\000i\000n\000g\000\040\000f\000o\000r\000\040\000S\000t\000u\000d\000e\000n\000t\000\040\000S\000u\000c\000c\000e\000s\000s}{section.2}% 5
\BOOKMARK [2][-]{subsection.2.2}{\376\377\000A\000t\000t\000e\000n\000t\000i\000o\000n\000\040\000M\000e\000c\000h\000a\000n\000i\000s\000m\000s\000\040\000i\000n\000\040\000E\000d\000u\000c\000a\000t\000i\000o\000n\000a\000l\000\040\000C\000o\000n\000t\000e\000x\000t\000s}{section.2}% 6
\BOOKMARK [2][-]{subsection.2.3}{\376\377\000M\000u\000l\000t\000i\000-\000T\000a\000s\000k\000\040\000L\000e\000a\000r\000n\000i\000n\000g\000\040\000f\000o\000r\000\040\000R\000e\000l\000a\000t\000e\000d\000\040\000E\000d\000u\000c\000a\000t\000i\000o\000n\000a\000l\000\040\000O\000u\000t\000c\000o\000m\000e\000s}{section.2}% 7
\BOOKMARK [2][-]{subsection.2.4}{\376\377\000L\000a\000r\000g\000e\000\040\000L\000a\000n\000g\000u\000a\000g\000e\000\040\000M\000o\000d\000e\000l\000s\000\040\000f\000o\000r\000\040\000E\000d\000u\000c\000a\000t\000i\000o\000n\000a\000l\000\040\000R\000e\000c\000o\000m\000m\000e\000n\000d\000a\000t\000i\000o\000n\000s}{section.2}% 8
\BOOKMARK [2][-]{subsection.2.5}{\376\377\000R\000e\000s\000e\000a\000r\000c\000h\000\040\000G\000a\000p\000s}{section.2}% 9
\BOOKMARK [1][-]{section.3}{\376\377\000D\000e\000e\000p\000\040\000L\000e\000a\000r\000n\000i\000n\000g\000\040\000T\000e\000c\000h\000n\000i\000q\000u\000e\000s\000\040\000f\000o\000r\000\040\000S\000t\000u\000d\000e\000n\000t\000\040\000O\000u\000t\000c\000o\000m\000e\000\040\000P\000r\000e\000d\000i\000c\000t\000i\000o\000n}{}% 10
\BOOKMARK [2][-]{subsection.3.1}{\376\377\000F\000e\000e\000d\000f\000o\000r\000w\000a\000r\000d\000\040\000N\000e\000u\000r\000a\000l\000\040\000N\000e\000t\000w\000o\000r\000k\000s}{section.3}% 11
\BOOKMARK [2][-]{subsection.3.2}{\376\377\000A\000t\000t\000e\000n\000t\000i\000o\000n\000\040\000M\000e\000c\000h\000a\000n\000i\000s\000m\000s\000\040\000f\000o\000r\000\040\000F\000e\000a\000t\000u\000r\000e\000\040\000I\000m\000p\000o\000r\000t\000a\000n\000c\000e}{section.3}% 12
\BOOKMARK [2][-]{subsection.3.3}{\376\377\000M\000u\000l\000t\000i\000-\000T\000a\000s\000k\000\040\000L\000e\000a\000r\000n\000i\000n\000g\000\040\000A\000r\000c\000h\000i\000t\000e\000c\000t\000u\000r\000e\000s}{section.3}% 13
\BOOKMARK [1][-]{section.4}{\376\377\000D\000a\000t\000a\000s\000e\000t\000\040\000a\000n\000d\000\040\000E\000x\000p\000e\000r\000i\000m\000e\000n\000t\000a\000l\000\040\000M\000e\000t\000h\000o\000d\000o\000l\000o\000g\000y}{}% 14
\BOOKMARK [2][-]{subsection.4.1}{\376\377\000D\000a\000t\000a\000s\000e\000t\000\040\000D\000e\000s\000c\000r\000i\000p\000t\000i\000o\000n\000\040\000a\000n\000d\000\040\000C\000h\000a\000r\000a\000c\000t\000e\000r\000i\000s\000t\000i\000c\000s}{section.4}% 15
\BOOKMARK [3][-]{subsubsection.4.1.1}{\376\377\000F\000e\000a\000t\000u\000r\000e\000\040\000C\000a\000t\000e\000g\000o\000r\000i\000e\000s\000\040\000a\000n\000d\000\040\000A\000t\000t\000r\000i\000b\000u\000t\000e\000s}{subsection.4.1}% 16
\BOOKMARK [3][-]{subsubsection.4.1.2}{\376\377\000F\000e\000a\000t\000u\000r\000e\000\040\000E\000n\000g\000i\000n\000e\000e\000r\000i\000n\000g\000\040\000S\000t\000r\000a\000t\000e\000g\000y}{subsection.4.1}% 17
\BOOKMARK [3][-]{subsubsection.4.1.3}{\376\377\000D\000a\000t\000a\000\040\000Q\000u\000a\000l\000i\000t\000y\000\040\000a\000n\000d\000\040\000V\000a\000l\000i\000d\000a\000t\000i\000o\000n}{subsection.4.1}% 18
\BOOKMARK [3][-]{subsubsection.4.1.4}{\376\377\000E\000t\000h\000i\000c\000a\000l\000\040\000C\000o\000n\000s\000i\000d\000e\000r\000a\000t\000i\000o\000n\000s}{subsection.4.1}% 19
\BOOKMARK [2][-]{subsection.4.2}{\376\377\000E\000x\000p\000e\000r\000i\000m\000e\000n\000t\000a\000l\000\040\000M\000e\000t\000h\000o\000d\000o\000l\000o\000g\000y\000\040\000a\000n\000d\000\040\000W\000o\000r\000k\000f\000l\000o\000w}{section.4}% 20
\BOOKMARK [3][-]{subsubsection.4.2.1}{\376\377\000D\000a\000t\000a\000\040\000P\000r\000e\000p\000r\000o\000c\000e\000s\000s\000i\000n\000g\000\040\000P\000i\000p\000e\000l\000i\000n\000e}{subsection.4.2}% 21
\BOOKMARK [3][-]{subsubsection.4.2.2}{\376\377\000F\000e\000a\000t\000u\000r\000e\000\040\000S\000e\000l\000e\000c\000t\000i\000o\000n\000\040\000a\000n\000d\000\040\000D\000i\000m\000e\000n\000s\000i\000o\000n\000a\000l\000i\000t\000y\000\040\000R\000e\000d\000u\000c\000t\000i\000o\000n}{subsection.4.2}% 22
\BOOKMARK [3][-]{subsubsection.4.2.3}{\376\377\000D\000a\000t\000a\000\040\000P\000a\000r\000t\000i\000t\000i\000o\000n\000i\000n\000g\000\040\000S\000t\000r\000a\000t\000e\000g\000y}{subsection.4.2}% 23
\BOOKMARK [3][-]{subsubsection.4.2.4}{\376\377\000C\000r\000o\000s\000s\000-\000V\000a\000l\000i\000d\000a\000t\000i\000o\000n\000\040\000P\000r\000o\000t\000o\000c\000o\000l}{subsection.4.2}% 24
\BOOKMARK [2][-]{subsection.4.3}{\376\377\000V\000a\000r\000i\000a\000b\000l\000e\000s\000\040\000a\000n\000d\000\040\000O\000p\000e\000r\000a\000t\000i\000o\000n\000a\000l\000i\000z\000a\000t\000i\000o\000n}{section.4}% 25
\BOOKMARK [3][-]{subsubsection.4.3.1}{\376\377\000D\000e\000m\000o\000g\000r\000a\000p\000h\000i\000c\000\040\000F\000e\000a\000t\000u\000r\000e\000s}{subsection.4.3}% 26
\BOOKMARK [3][-]{subsubsection.4.3.2}{\376\377\000A\000c\000a\000d\000e\000m\000i\000c\000\040\000F\000e\000a\000t\000u\000r\000e\000s}{subsection.4.3}% 27
\BOOKMARK [3][-]{subsubsection.4.3.3}{\376\377\000S\000o\000c\000i\000o\000e\000c\000o\000n\000o\000m\000i\000c\000\040\000F\000e\000a\000t\000u\000r\000e\000s}{subsection.4.3}% 28
\BOOKMARK [3][-]{subsubsection.4.3.4}{\376\377\000M\000a\000c\000r\000o\000e\000c\000o\000n\000o\000m\000i\000c\000\040\000I\000n\000d\000i\000c\000a\000t\000o\000r\000s}{subsection.4.3}% 29
\BOOKMARK [3][-]{subsubsection.4.3.5}{\376\377\000T\000a\000r\000g\000e\000t\000\040\000V\000a\000r\000i\000a\000b\000l\000e}{subsection.4.3}% 30
\BOOKMARK [2][-]{subsection.4.4}{\376\377\000D\000a\000t\000a\000\040\000Q\000u\000a\000l\000i\000t\000y\000\040\000a\000n\000d\000\040\000I\000n\000t\000e\000g\000r\000i\000t\000y}{section.4}% 31
\BOOKMARK [3][-]{subsubsection.4.4.1}{\376\377\000M\000i\000s\000s\000i\000n\000g\000\040\000D\000a\000t\000a\000\040\000A\000s\000s\000e\000s\000s\000m\000e\000n\000t}{subsection.4.4}% 32
\BOOKMARK [3][-]{subsubsection.4.4.2}{\376\377\000V\000a\000l\000i\000d\000a\000t\000i\000o\000n\000\040\000C\000h\000e\000c\000k\000s}{subsection.4.4}% 33
\BOOKMARK [2][-]{subsection.4.5}{\376\377\000E\000t\000h\000i\000c\000a\000l\000\040\000C\000o\000n\000s\000i\000d\000e\000r\000a\000t\000i\000o\000n\000s}{section.4}% 34
\BOOKMARK [1][-]{section.5}{\376\377\000F\000e\000a\000t\000u\000r\000e\000\040\000E\000n\000g\000i\000n\000e\000e\000r\000i\000n\000g\000\040\000a\000n\000d\000\040\000P\000r\000e\000p\000r\000o\000c\000e\000s\000s\000i\000n\000g}{}% 35
\BOOKMARK [2][-]{subsection.5.1}{\376\377\000F\000e\000a\000t\000u\000r\000e\000\040\000C\000o\000n\000s\000t\000r\000u\000c\000t\000i\000o\000n}{section.5}% 36
\BOOKMARK [3][-]{subsubsection.5.1.1}{\376\377\000A\000c\000a\000d\000e\000m\000i\000c\000\040\000P\000e\000r\000f\000o\000r\000m\000a\000n\000c\000e\000\040\000I\000n\000d\000i\000c\000a\000t\000o\000r\000s}{subsection.5.1}% 37
\BOOKMARK [3][-]{subsubsection.5.1.2}{\376\377\000E\000n\000g\000a\000g\000e\000m\000e\000n\000t\000\040\000M\000e\000t\000r\000i\000c\000s}{subsection.5.1}% 38
\BOOKMARK [3][-]{subsubsection.5.1.3}{\376\377\000S\000o\000c\000i\000o\000e\000c\000o\000n\000o\000m\000i\000c\000\040\000C\000o\000m\000p\000o\000s\000i\000t\000e\000\040\000I\000n\000d\000i\000c\000a\000t\000o\000r\000s}{subsection.5.1}% 39
\BOOKMARK [2][-]{subsection.5.2}{\376\377\000D\000a\000t\000a\000\040\000T\000r\000a\000n\000s\000f\000o\000r\000m\000a\000t\000i\000o\000n\000\040\000S\000t\000r\000a\000t\000e\000g\000y}{section.5}% 40
\BOOKMARK [3][-]{subsubsection.5.2.1}{\376\377\000C\000a\000t\000e\000g\000o\000r\000i\000c\000a\000l\000\040\000E\000n\000c\000o\000d\000i\000n\000g}{subsection.5.2}% 41
\BOOKMARK [3][-]{subsubsection.5.2.2}{\376\377\000N\000u\000m\000e\000r\000i\000c\000a\000l\000\040\000N\000o\000r\000m\000a\000l\000i\000z\000a\000t\000i\000o\000n}{subsection.5.2}% 42
\BOOKMARK [3][-]{subsubsection.5.2.3}{\376\377\000S\000c\000a\000l\000i\000n\000g\000\040\000R\000a\000t\000i\000o\000n\000a\000l\000e}{subsection.5.2}% 43
\BOOKMARK [2][-]{subsection.5.3}{\376\377\000F\000e\000a\000t\000u\000r\000e\000\040\000S\000e\000l\000e\000c\000t\000i\000o\000n\000\040\000a\000n\000d\000\040\000D\000i\000m\000e\000n\000s\000i\000o\000n\000a\000l\000i\000t\000y\000\040\000R\000e\000d\000u\000c\000t\000i\000o\000n}{section.5}% 44
\BOOKMARK [3][-]{subsubsection.5.3.1}{\376\377\000C\000o\000r\000r\000e\000l\000a\000t\000i\000o\000n\000\040\000A\000n\000a\000l\000y\000s\000i\000s}{subsection.5.3}% 45
\BOOKMARK [3][-]{subsubsection.5.3.2}{\376\377\000V\000a\000r\000i\000a\000n\000c\000e\000\040\000T\000h\000r\000e\000s\000h\000o\000l\000d}{subsection.5.3}% 46
\BOOKMARK [3][-]{subsubsection.5.3.3}{\376\377\000F\000e\000a\000t\000u\000r\000e\000\040\000I\000m\000p\000o\000r\000t\000a\000n\000c\000e\000\040\000R\000a\000n\000k\000i\000n\000g}{subsection.5.3}% 47
\BOOKMARK [1][-]{section.6}{\376\377\000D\000a\000t\000a\000\040\000P\000a\000r\000t\000i\000t\000i\000o\000n\000i\000n\000g\000\040\000S\000t\000r\000a\000t\000e\000g\000y}{}% 48
\BOOKMARK [2][-]{subsection.6.1}{\376\377\000T\000r\000a\000i\000n\000-\000V\000a\000l\000i\000d\000a\000t\000i\000o\000n\000-\000T\000e\000s\000t\000\040\000S\000p\000l\000i\000t}{section.6}% 49
\BOOKMARK [3][-]{subsubsection.6.1.1}{\376\377\000S\000t\000r\000a\000t\000i\000f\000i\000c\000a\000t\000i\000o\000n\000\040\000R\000a\000t\000i\000o\000n\000a\000l\000e}{subsection.6.1}% 50
\BOOKMARK [2][-]{subsection.6.2}{\376\377\000C\000r\000o\000s\000s\000-\000V\000a\000l\000i\000d\000a\000t\000i\000o\000n\000\040\000P\000r\000o\000t\000o\000c\000o\000l}{section.6}% 51
\BOOKMARK [1][-]{section.7}{\376\377\000D\000e\000e\000p\000\040\000L\000e\000a\000r\000n\000i\000n\000g\000\040\000A\000r\000c\000h\000i\000t\000e\000c\000t\000u\000r\000e\000s}{}% 52
\BOOKMARK [2][-]{subsection.7.1}{\376\377\000M\000o\000d\000e\000l\000\040\0001\000:\000\040\000P\000e\000r\000f\000o\000r\000m\000a\000n\000c\000e\000\040\000P\000r\000e\000d\000i\000c\000t\000i\000o\000n\000\040\000N\000e\000t\000w\000o\000r\000k\000\040\000\050\000P\000P\000N\000\051}{section.7}% 53
\BOOKMARK [3][-]{subsubsection.7.1.1}{\376\377\000A\000r\000c\000h\000i\000t\000e\000c\000t\000u\000r\000e\000\040\000D\000e\000s\000i\000g\000n}{subsection.7.1}% 54
\BOOKMARK [3][-]{subsubsection.7.1.2}{\376\377\000A\000r\000c\000h\000i\000t\000e\000c\000t\000u\000r\000a\000l\000\040\000J\000u\000s\000t\000i\000f\000i\000c\000a\000t\000i\000o\000n}{subsection.7.1}% 55
\BOOKMARK [3][-]{subsubsection.7.1.3}{\376\377\000T\000r\000a\000i\000n\000i\000n\000g\000\040\000C\000o\000n\000f\000i\000g\000u\000r\000a\000t\000i\000o\000n}{subsection.7.1}% 56
\BOOKMARK [2][-]{subsection.7.2}{\376\377\000M\000o\000d\000e\000l\000\040\0002\000:\000\040\000D\000r\000o\000p\000o\000u\000t\000\040\000P\000r\000e\000d\000i\000c\000t\000i\000o\000n\000\040\000N\000e\000t\000w\000o\000r\000k\000\040\000w\000i\000t\000h\000\040\000A\000t\000t\000e\000n\000t\000i\000o\000n\000\040\000\050\000D\000P\000N\000-\000A\000\051}{section.7}% 57
\BOOKMARK [3][-]{subsubsection.7.2.1}{\376\377\000A\000r\000c\000h\000i\000t\000e\000c\000t\000u\000r\000e\000\040\000a\000n\000d\000\040\000A\000t\000t\000e\000n\000t\000i\000o\000n\000\040\000M\000e\000c\000h\000a\000n\000i\000s\000m}{subsection.7.2}% 58
\BOOKMARK [3][-]{subsubsection.7.2.2}{\376\377\000A\000t\000t\000e\000n\000t\000i\000o\000n\000\040\000M\000e\000c\000h\000a\000n\000i\000s\000m\000\040\000B\000e\000n\000e\000f\000i\000t\000s}{subsection.7.2}% 59
\BOOKMARK [3][-]{subsubsection.7.2.3}{\376\377\000T\000r\000a\000i\000n\000i\000n\000g\000\040\000C\000o\000n\000f\000i\000g\000u\000r\000a\000t\000i\000o\000n}{subsection.7.2}% 60
\BOOKMARK [2][-]{subsection.7.3}{\376\377\000M\000o\000d\000e\000l\000\040\0003\000:\000\040\000H\000y\000b\000r\000i\000d\000\040\000M\000u\000l\000t\000i\000-\000T\000a\000s\000k\000\040\000L\000e\000a\000r\000n\000i\000n\000g\000\040\000N\000e\000t\000w\000o\000r\000k\000\040\000\050\000H\000M\000T\000L\000\051}{section.7}% 61
\BOOKMARK [3][-]{subsubsection.7.3.1}{\376\377\000A\000r\000c\000h\000i\000t\000e\000c\000t\000u\000r\000e\000\040\000D\000e\000s\000i\000g\000n}{subsection.7.3}% 62
\BOOKMARK [3][-]{subsubsection.7.3.2}{\376\377\000M\000u\000l\000t\000i\000-\000T\000a\000s\000k\000\040\000L\000e\000a\000r\000n\000i\000n\000g\000\040\000R\000a\000t\000i\000o\000n\000a\000l\000e}{subsection.7.3}% 63
\BOOKMARK [2][-]{subsection.7.4}{\376\377\000B\000a\000s\000e\000l\000i\000n\000e\000\040\000M\000o\000d\000e\000l\000s\000\040\000f\000o\000r\000\040\000C\000o\000m\000p\000a\000r\000a\000t\000i\000v\000e\000\040\000A\000n\000a\000l\000y\000s\000i\000s}{section.7}% 64
\BOOKMARK [1][-]{section.8}{\376\377\000L\000a\000r\000g\000e\000\040\000L\000a\000n\000g\000u\000a\000g\000e\000\040\000M\000o\000d\000e\000l\000\040\000I\000n\000t\000e\000g\000r\000a\000t\000i\000o\000n\000\040\000f\000o\000r\000\040\000P\000e\000r\000s\000o\000n\000a\000l\000i\000z\000e\000d\000\040\000R\000e\000c\000o\000m\000m\000e\000n\000d\000a\000t\000i\000o\000n\000s}{}% 65
\BOOKMARK [2][-]{subsection.8.1}{\376\377\000L\000L\000M\000-\000B\000a\000s\000e\000d\000\040\000R\000e\000c\000o\000m\000m\000e\000n\000d\000a\000t\000i\000o\000n\000\040\000A\000r\000c\000h\000i\000t\000e\000c\000t\000u\000r\000e}{section.8}% 66
\BOOKMARK [3][-]{subsubsection.8.1.1}{\376\377\000S\000y\000s\000t\000e\000m\000\040\000O\000v\000e\000r\000v\000i\000e\000w}{subsection.8.1}% 67
\BOOKMARK [3][-]{subsubsection.8.1.2}{\376\377\000S\000t\000u\000d\000e\000n\000t\000\040\000P\000r\000o\000f\000i\000l\000e\000\040\000C\000o\000n\000s\000t\000r\000u\000c\000t\000i\000o\000n}{subsection.8.1}% 68
\BOOKMARK [3][-]{subsubsection.8.1.3}{\376\377\000G\000P\000T\000-\0004\000\040\000C\000o\000n\000f\000i\000g\000u\000r\000a\000t\000i\000o\000n}{subsection.8.1}% 69
\BOOKMARK [3][-]{subsubsection.8.1.4}{\376\377\000R\000u\000l\000e\000-\000B\000a\000s\000e\000d\000\040\000F\000a\000l\000l\000b\000a\000c\000k\000\040\000S\000y\000s\000t\000e\000m}{subsection.8.1}% 70
\BOOKMARK [2][-]{subsection.8.2}{\376\377\000R\000e\000c\000o\000m\000m\000e\000n\000d\000a\000t\000i\000o\000n\000\040\000V\000a\000l\000i\000d\000a\000t\000i\000o\000n\000\040\000C\000r\000i\000t\000e\000r\000i\000a}{section.8}% 71
\BOOKMARK [1][-]{section.9}{\376\377\000E\000v\000a\000l\000u\000a\000t\000i\000o\000n\000\040\000M\000e\000t\000r\000i\000c\000s\000\040\000a\000n\000d\000\040\000S\000t\000a\000t\000i\000s\000t\000i\000c\000a\000l\000\040\000T\000e\000s\000t\000i\000n\000g}{}% 72
\BOOKMARK [2][-]{subsection.9.1}{\376\377\000C\000l\000a\000s\000s\000i\000f\000i\000c\000a\000t\000i\000o\000n\000\040\000P\000e\000r\000f\000o\000r\000m\000a\000n\000c\000e\000\040\000M\000e\000t\000r\000i\000c\000s}{section.9}% 73
\BOOKMARK [3][-]{subsubsection.9.1.1}{\376\377\000M\000u\000l\000t\000i\000-\000C\000l\000a\000s\000s\000\040\000E\000v\000a\000l\000u\000a\000t\000i\000o\000n\000\040\000\050\000P\000P\000N\000\040\000\046\000\040\000H\000M\000T\000L\000\051}{subsection.9.1}% 74
\BOOKMARK [3][-]{subsubsection.9.1.2}{\376\377\000B\000i\000n\000a\000r\000y\000\040\000C\000l\000a\000s\000s\000i\000f\000i\000c\000a\000t\000i\000o\000n\000\040\000E\000v\000a\000l\000u\000a\000t\000i\000o\000n\000\040\000\050\000D\000P\000N\000-\000A\000\051}{subsection.9.1}% 75
\BOOKMARK [2][-]{subsection.9.2}{\376\377\000S\000t\000a\000t\000i\000s\000t\000i\000c\000a\000l\000\040\000S\000i\000g\000n\000i\000f\000i\000c\000a\000n\000c\000e\000\040\000T\000e\000s\000t\000i\000n\000g}{section.9}% 76
\BOOKMARK [3][-]{subsubsection.9.2.1}{\376\377\000M\000c\000N\000e\000m\000a\000r\000'\000s\000\040\000T\000e\000s\000t\000\040\000f\000o\000r\000\040\000P\000a\000i\000r\000w\000i\000s\000e\000\040\000C\000o\000m\000p\000a\000r\000i\000s\000o\000n\000s}{subsection.9.2}% 77
\BOOKMARK [3][-]{subsubsection.9.2.2}{\376\377\000F\000r\000i\000e\000d\000m\000a\000n\000\040\000T\000e\000s\000t\000\040\000w\000i\000t\000h\000\040\000P\000o\000s\000t\000-\000H\000o\000c\000\040\000N\000e\000m\000e\000n\000y\000i\000\040\000C\000o\000r\000r\000e\000c\000t\000i\000o\000n}{subsection.9.2}% 78
\BOOKMARK [2][-]{subsection.9.3}{\376\377\000M\000o\000d\000e\000l\000\040\000C\000a\000l\000i\000b\000r\000a\000t\000i\000o\000n\000\040\000A\000n\000a\000l\000y\000s\000i\000s}{section.9}% 79
\BOOKMARK [3][-]{subsubsection.9.3.1}{\376\377\000C\000a\000l\000i\000b\000r\000a\000t\000i\000o\000n\000\040\000C\000u\000r\000v\000e\000s}{subsection.9.3}% 80
\BOOKMARK [3][-]{subsubsection.9.3.2}{\376\377\000E\000x\000p\000e\000c\000t\000e\000d\000\040\000C\000a\000l\000i\000b\000r\000a\000t\000i\000o\000n\000\040\000E\000r\000r\000o\000r\000\040\000\050\000E\000C\000E\000\051}{subsection.9.3}% 81
\BOOKMARK [2][-]{subsection.9.4}{\376\377\000F\000e\000a\000t\000u\000r\000e\000\040\000I\000m\000p\000o\000r\000t\000a\000n\000c\000e\000\040\000A\000n\000a\000l\000y\000s\000i\000s}{section.9}% 82
\BOOKMARK [3][-]{subsubsection.9.4.1}{\376\377\000S\000H\000A\000P\000\040\000\050\000S\000H\000a\000p\000l\000e\000y\000\040\000A\000d\000d\000i\000t\000i\000v\000e\000\040\000e\000x\000P\000l\000a\000n\000a\000t\000i\000o\000n\000s\000\051}{subsection.9.4}% 83
\BOOKMARK [3][-]{subsubsection.9.4.2}{\376\377\000P\000e\000r\000m\000u\000t\000a\000t\000i\000o\000n\000\040\000I\000m\000p\000o\000r\000t\000a\000n\000c\000e}{subsection.9.4}% 84
\BOOKMARK [1][-]{section.10}{\376\377\000I\000m\000p\000l\000e\000m\000e\000n\000t\000a\000t\000i\000o\000n\000\040\000a\000n\000d\000\040\000C\000o\000m\000p\000u\000t\000a\000t\000i\000o\000n\000a\000l\000\040\000R\000e\000s\000o\000u\000r\000c\000e\000s}{}% 85
\BOOKMARK [2][-]{subsection.10.1}{\376\377\000S\000o\000f\000t\000w\000a\000r\000e\000\040\000S\000t\000a\000c\000k}{section.10}% 86
\BOOKMARK [2][-]{subsection.10.2}{\376\377\000C\000o\000m\000p\000u\000t\000a\000t\000i\000o\000n\000a\000l\000\040\000R\000e\000q\000u\000i\000r\000e\000m\000e\000n\000t\000s}{section.10}% 87
\BOOKMARK [2][-]{subsection.10.3}{\376\377\000R\000e\000p\000r\000o\000d\000u\000c\000i\000b\000i\000l\000i\000t\000y\000\040\000P\000r\000o\000v\000i\000s\000i\000o\000n\000s}{section.10}% 88
\BOOKMARK [3][-]{subsubsection.10.3.1}{\376\377\000R\000a\000n\000d\000o\000m\000\040\000S\000e\000e\000d\000\040\000F\000i\000x\000a\000t\000i\000o\000n}{subsection.10.3}% 89
\BOOKMARK [3][-]{subsubsection.10.3.2}{\376\377\000C\000o\000d\000e\000\040\000A\000v\000a\000i\000l\000a\000b\000i\000l\000i\000t\000y}{subsection.10.3}% 90
\BOOKMARK [3][-]{subsubsection.10.3.3}{\376\377\000E\000n\000v\000i\000r\000o\000n\000m\000e\000n\000t\000\040\000R\000e\000p\000l\000i\000c\000a\000t\000i\000o\000n}{subsection.10.3}% 91
\BOOKMARK [1][-]{section.11}{\376\377\000E\000x\000p\000e\000r\000i\000m\000e\000n\000t\000a\000l\000\040\000P\000r\000o\000t\000o\000c\000o\000l\000\040\000a\000n\000d\000\040\000V\000a\000l\000i\000d\000a\000t\000i\000o\000n\000\040\000P\000r\000o\000c\000e\000d\000u\000r\000e}{}% 92
\BOOKMARK [2][-]{subsection.11.1}{\376\377\000H\000y\000p\000e\000r\000p\000a\000r\000a\000m\000e\000t\000e\000r\000\040\000O\000p\000t\000i\000m\000i\000z\000a\000t\000i\000o\000n}{section.11}% 93
\BOOKMARK [2][-]{subsection.11.2}{\376\377\000T\000r\000a\000i\000n\000i\000n\000g\000\040\000P\000r\000o\000c\000e\000d\000u\000r\000e}{section.11}% 94
\BOOKMARK [2][-]{subsection.11.3}{\376\377\000C\000r\000o\000s\000s\000-\000V\000a\000l\000i\000d\000a\000t\000i\000o\000n\000\040\000a\000n\000d\000\040\000S\000t\000a\000t\000i\000s\000t\000i\000c\000a\000l\000\040\000R\000o\000b\000u\000s\000t\000n\000e\000s\000s}{section.11}% 95
\BOOKMARK [2][-]{subsection.11.4}{\376\377\000T\000e\000s\000t\000\040\000S\000e\000t\000\040\000E\000v\000a\000l\000u\000a\000t\000i\000o\000n\000\040\000W\000o\000r\000k\000f\000l\000o\000w}{section.11}% 96
\BOOKMARK [1][-]{section.12}{\376\377\000R\000e\000s\000u\000l\000t\000s\000\040\000a\000n\000d\000\040\000F\000i\000n\000d\000i\000n\000g\000s}{}% 97
\BOOKMARK [2][-]{subsection.12.1}{\376\377\000B\000a\000s\000e\000l\000i\000n\000e\000\040\000M\000o\000d\000e\000l\000\040\000P\000e\000r\000f\000o\000r\000m\000a\000n\000c\000e}{section.12}% 98
\BOOKMARK [3][-]{subsubsection.12.1.1}{\376\377\000R\000a\000n\000d\000o\000m\000\040\000F\000o\000r\000e\000s\000t\000\040\000C\000l\000a\000s\000s\000i\000f\000i\000e\000r}{subsection.12.1}% 99
\BOOKMARK [3][-]{subsubsection.12.1.2}{\376\377\000L\000o\000g\000i\000s\000t\000i\000c\000\040\000R\000e\000g\000r\000e\000s\000s\000i\000o\000n\000\040\000\050\000D\000r\000o\000p\000o\000u\000t\000\040\000P\000r\000e\000d\000i\000c\000t\000i\000o\000n\000\051}{subsection.12.1}% 100
\BOOKMARK [2][-]{subsection.12.2}{\376\377\000D\000e\000e\000p\000\040\000L\000e\000a\000r\000n\000i\000n\000g\000\040\000M\000o\000d\000e\000l\000\040\000P\000e\000r\000f\000o\000r\000m\000a\000n\000c\000e}{section.12}% 101
\BOOKMARK [3][-]{subsubsection.12.2.1}{\376\377\000P\000e\000r\000f\000o\000r\000m\000a\000n\000c\000e\000\040\000P\000r\000e\000d\000i\000c\000t\000i\000o\000n\000\040\000N\000e\000t\000w\000o\000r\000k\000\040\000\050\000P\000P\000N\000\051}{subsection.12.2}% 102
\BOOKMARK [3][-]{subsubsection.12.2.2}{\376\377\000D\000r\000o\000p\000o\000u\000t\000\040\000P\000r\000e\000d\000i\000c\000t\000i\000o\000n\000\040\000w\000i\000t\000h\000\040\000A\000t\000t\000e\000n\000t\000i\000o\000n\000\040\000\050\000D\000P\000N\000-\000A\000\051}{subsection.12.2}% 103
\BOOKMARK [3][-]{subsubsection.12.2.3}{\376\377\000H\000y\000b\000r\000i\000d\000\040\000M\000u\000l\000t\000i\000-\000T\000a\000s\000k\000\040\000L\000e\000a\000r\000n\000i\000n\000g\000\040\000N\000e\000t\000w\000o\000r\000k\000\040\000\050\000H\000M\000T\000L\000\051}{subsection.12.2}% 104
\BOOKMARK [2][-]{subsection.12.3}{\376\377\000M\000o\000d\000e\000l\000\040\000C\000o\000m\000p\000a\000r\000i\000s\000o\000n\000\040\000a\000n\000d\000\040\000S\000t\000a\000t\000i\000s\000t\000i\000c\000a\000l\000\040\000S\000i\000g\000n\000i\000f\000i\000c\000a\000n\000c\000e}{section.12}% 105
\BOOKMARK [2][-]{subsection.12.4}{\376\377\000V\000i\000s\000u\000a\000l\000i\000z\000a\000t\000i\000o\000n\000\040\000A\000n\000a\000l\000y\000s\000i\000s}{section.12}% 106
\BOOKMARK [3][-]{subsubsection.12.4.1}{\376\377\000F\000i\000g\000u\000r\000e\000\040\0001\000\040\000\046\000\040\0001\0000\000:\000\040\000I\000n\000t\000e\000g\000r\000a\000t\000e\000d\000\040\000R\000e\000s\000e\000a\000r\000c\000h\000\040\000O\000b\000j\000e\000c\000t\000i\000v\000e\000s\000\040\000V\000i\000s\000u\000a\000l\000i\000z\000a\000t\000i\000o\000n}{subsection.12.4}% 107
\BOOKMARK [3][-]{subsubsection.12.4.2}{\376\377\000F\000i\000g\000u\000r\000e\000\040\0002\000:\000\040\000R\000O\000C\000\040\000C\000u\000r\000v\000e\000s}{subsection.12.4}% 108
\BOOKMARK [3][-]{subsubsection.12.4.3}{\376\377\000F\000i\000g\000u\000r\000e\000\040\0003\000\040\000\046\000\040\0004\000:\000\040\000C\000o\000n\000f\000u\000s\000i\000o\000n\000\040\000M\000a\000t\000r\000i\000c\000e\000s}{subsection.12.4}% 109
\BOOKMARK [3][-]{subsubsection.12.4.4}{\376\377\000F\000i\000g\000u\000r\000e\000\040\0003\000\040\000\046\000\040\0004\000:\000\040\000C\000o\000n\000f\000u\000s\000i\000o\000n\000\040\000M\000a\000t\000r\000i\000c\000e\000s}{subsection.12.4}% 110
\BOOKMARK [3][-]{subsubsection.12.4.5}{\376\377\000F\000i\000g\000u\000r\000e\000\040\0005\000:\000\040\000A\000t\000t\000e\000n\000t\000i\000o\000n\000\040\000H\000e\000a\000t\000m\000a\000p}{subsection.12.4}% 111
\BOOKMARK [3][-]{subsubsection.12.4.6}{\376\377\000F\000i\000g\000u\000r\000e\000\040\0006\000:\000\040\000F\000e\000a\000t\000u\000r\000e\000\040\000I\000m\000p\000o\000r\000t\000a\000n\000c\000e}{subsection.12.4}% 112
\BOOKMARK [2][-]{subsection.12.5}{\376\377\000C\000r\000o\000s\000s\000-\000V\000a\000l\000i\000d\000a\000t\000i\000o\000n\000\040\000S\000t\000a\000b\000i\000l\000i\000t\000y\000\040\000A\000n\000a\000l\000y\000s\000i\000s}{section.12}% 113
\BOOKMARK [2][-]{subsection.12.6}{\376\377\000C\000o\000m\000p\000u\000t\000a\000t\000i\000o\000n\000a\000l\000\040\000E\000f\000f\000i\000c\000i\000e\000n\000c\000y}{section.12}% 114
\BOOKMARK [2][-]{subsection.12.7}{\376\377\000E\000r\000r\000o\000r\000\040\000A\000n\000a\000l\000y\000s\000i\000s}{section.12}% 115
\BOOKMARK [3][-]{subsubsection.12.7.1}{\376\377\000C\000o\000m\000m\000o\000n\000\040\000M\000i\000s\000c\000l\000a\000s\000s\000i\000f\000i\000c\000a\000t\000i\000o\000n\000\040\000P\000a\000t\000t\000e\000r\000n\000s}{subsection.12.7}% 116
\BOOKMARK [3][-]{subsubsection.12.7.2}{\376\377\000F\000e\000a\000t\000u\000r\000e\000\040\000C\000o\000r\000r\000e\000l\000a\000t\000i\000o\000n\000\040\000w\000i\000t\000h\000\040\000E\000r\000r\000o\000r\000s}{subsection.12.7}% 117
\BOOKMARK [2][-]{subsection.12.8}{\376\377\000S\000u\000m\000m\000a\000r\000y\000\040\000o\000f\000\040\000K\000e\000y\000\040\000R\000e\000s\000u\000l\000t\000s}{section.12}% 118
\BOOKMARK [1][-]{section.13}{\376\377\000L\000i\000m\000i\000t\000a\000t\000i\000o\000n\000s\000\040\000a\000n\000d\000\040\000V\000a\000l\000i\000d\000i\000t\000y\000\040\000C\000o\000n\000s\000i\000d\000e\000r\000a\000t\000i\000o\000n\000s}{}% 119
\BOOKMARK [2][-]{subsection.13.1}{\376\377\000I\000n\000t\000e\000r\000n\000a\000l\000\040\000V\000a\000l\000i\000d\000i\000t\000y\000\040\000T\000h\000r\000e\000a\000t\000s}{section.13}% 120
\BOOKMARK [3][-]{subsubsection.13.1.1}{\376\377\000C\000o\000n\000f\000o\000u\000n\000d\000i\000n\000g\000\040\000V\000a\000r\000i\000a\000b\000l\000e\000s}{subsection.13.1}% 121
\BOOKMARK [3][-]{subsubsection.13.1.2}{\376\377\000T\000e\000m\000p\000o\000r\000a\000l\000\040\000E\000f\000f\000e\000c\000t\000s}{subsection.13.1}% 122
\BOOKMARK [2][-]{subsection.13.2}{\376\377\000E\000x\000t\000e\000r\000n\000a\000l\000\040\000V\000a\000l\000i\000d\000i\000t\000y\000\040\000L\000i\000m\000i\000t\000a\000t\000i\000o\000n\000s}{section.13}% 123
\BOOKMARK [3][-]{subsubsection.13.2.1}{\376\377\000I\000n\000s\000t\000i\000t\000u\000t\000i\000o\000n\000a\000l\000\040\000S\000p\000e\000c\000i\000f\000i\000c\000i\000t\000y}{subsection.13.2}% 124
\BOOKMARK [3][-]{subsubsection.13.2.2}{\376\377\000D\000o\000m\000a\000i\000n\000\040\000T\000r\000a\000n\000s\000f\000e\000r}{subsection.13.2}% 125
\BOOKMARK [2][-]{subsection.13.3}{\376\377\000C\000o\000n\000s\000t\000r\000u\000c\000t\000\040\000V\000a\000l\000i\000d\000i\000t\000y\000\040\000I\000s\000s\000u\000e\000s}{section.13}% 126
\BOOKMARK [3][-]{subsubsection.13.3.1}{\376\377\000O\000u\000t\000c\000o\000m\000e\000\040\000O\000p\000e\000r\000a\000t\000i\000o\000n\000a\000l\000i\000z\000a\000t\000i\000o\000n}{subsection.13.3}% 127
\BOOKMARK [3][-]{subsubsection.13.3.2}{\376\377\000F\000e\000a\000t\000u\000r\000e\000\040\000C\000o\000m\000p\000l\000e\000t\000e\000n\000e\000s\000s}{subsection.13.3}% 128
\BOOKMARK [2][-]{subsection.13.4}{\376\377\000S\000t\000a\000t\000i\000s\000t\000i\000c\000a\000l\000\040\000C\000o\000n\000c\000l\000u\000s\000i\000o\000n\000\040\000V\000a\000l\000i\000d\000i\000t\000y}{section.13}% 129
\BOOKMARK [3][-]{subsubsection.13.4.1}{\376\377\000M\000u\000l\000t\000i\000p\000l\000e\000\040\000C\000o\000m\000p\000a\000r\000i\000s\000o\000n\000s}{subsection.13.4}% 130
\BOOKMARK [3][-]{subsubsection.13.4.2}{\376\377\000A\000s\000s\000u\000m\000p\000t\000i\000o\000n\000\040\000V\000e\000r\000i\000f\000i\000c\000a\000t\000i\000o\000n}{subsection.13.4}% 131
\BOOKMARK [1][-]{section.14}{\376\377\000E\000x\000p\000e\000c\000t\000e\000d\000\040\000O\000u\000t\000c\000o\000m\000e\000s\000\040\000a\000n\000d\000\040\000R\000e\000s\000e\000a\000r\000c\000h\000\040\000I\000m\000p\000a\000c\000t}{}% 132
\BOOKMARK [2][-]{subsection.14.1}{\376\377\000A\000n\000t\000i\000c\000i\000p\000a\000t\000e\000d\000\040\000F\000i\000n\000d\000i\000n\000g\000s}{section.14}% 133
\BOOKMARK [2][-]{subsection.14.2}{\376\377\000P\000r\000a\000c\000t\000i\000c\000a\000l\000\040\000A\000p\000p\000l\000i\000c\000a\000t\000i\000o\000n\000s}{section.14}% 134
\BOOKMARK [2][-]{subsection.14.3}{\376\377\000C\000o\000n\000t\000r\000i\000b\000u\000t\000i\000o\000n\000\040\000t\000o\000\040\000K\000n\000o\000w\000l\000e\000d\000g\000e}{section.14}% 135
\BOOKMARK [2][-]{subsection.14.4}{\376\377\000F\000u\000t\000u\000r\000e\000\040\000R\000e\000s\000e\000a\000r\000c\000h\000\040\000D\000i\000r\000e\000c\000t\000i\000o\000n\000s}{section.14}% 136
\BOOKMARK [3][-]{subsubsection.14.4.1}{\376\377\000C\000r\000o\000s\000s\000-\000I\000n\000s\000t\000i\000t\000u\000t\000i\000o\000n\000a\000l\000\040\000V\000a\000l\000i\000d\000a\000t\000i\000o\000n\000\040\000a\000n\000d\000\040\000G\000e\000n\000e\000r\000a\000l\000i\000z\000a\000b\000i\000l\000i\000t\000y}{subsection.14.4}% 137
\BOOKMARK [3][-]{subsubsection.14.4.2}{\376\377\000M\000e\000t\000h\000o\000d\000o\000l\000o\000g\000i\000c\000a\000l\000\040\000E\000x\000t\000e\000n\000s\000i\000o\000n\000s}{subsection.14.4}% 138
\BOOKMARK [3][-]{subsubsection.14.4.3}{\376\377\000I\000n\000s\000t\000i\000t\000u\000t\000i\000o\000n\000a\000l\000\040\000D\000e\000p\000l\000o\000y\000m\000e\000n\000t\000\040\000a\000n\000d\000\040\000I\000m\000p\000a\000c\000t\000\040\000A\000s\000s\000e\000s\000s\000m\000e\000n\000t}{subsection.14.4}% 139
\BOOKMARK [1][-]{section.15}{\376\377\000C\000o\000n\000c\000l\000u\000s\000i\000o\000n}{}% 140
\BOOKMARK [1][-]{appendix.A}{\376\377\000P\000s\000e\000u\000d\000o\000c\000o\000d\000e\000\040\000f\000o\000r\000\040\000D\000a\000t\000a\000\040\000P\000r\000e\000p\000r\000o\000c\000e\000s\000s\000i\000n\000g}{}% 141
